Deleting articles of date ... 2013-08-18
--------------- 第A01版：一版要闻 ( idx: 0 )---------------
Retriving content ... Done.  (大型晚会大幅瘦身节庆演出节支创新,http://xmwb.xinmin.cn/html/2013-08/18/content_1_1.htm) 
Retriving content ... Done.  (退休18年“彪悍”战斗力不减,http://xmwb.xinmin.cn/html/2013-08/18/content_1_2.htm) 
Retriving content ... Done.  (申城悄然兴起周末农夫市集,http://xmwb.xinmin.cn/html/2013-08/18/content_1_3.htm) 
Retriving content ... Done.  (7月全国新建商品住宅价格涨幅收窄,http://xmwb.xinmin.cn/html/2013-08/18/content_1_4.htm) 
Retriving content ... Done.  (申城下午迎来雨水降温明日最高气温或至32℃,http://xmwb.xinmin.cn/html/2013-08/18/content_1_5.htm) 
Retriving content ... Done.  (报头,http://xmwb.xinmin.cn/html/2013-08/18/content_1_6.htm) 
--------------- 第A02版：综合新闻 ( idx: 1 )---------------
Retriving content ... Done.  (城市家庭宽带将达每秒二十兆,http://xmwb.xinmin.cn/html/2013-08/18/content_2_1.htm) 
Retriving content ... Done.  (“农场主”与消费者面对面侃“种菜经”,http://xmwb.xinmin.cn/html/2013-08/18/content_2_2.htm) 
Retriving content ... Done.  (四、六级英语考试将取消完型填空题,http://xmwb.xinmin.cn/html/2013-08/18/content_2_3.htm) 
Retriving content ... Done.  (退休18年“彪悍”战斗力不减,http://xmwb.xinmin.cn/html/2013-08/18/content_2_4.htm) 
Retriving content ... Done.  (上海天气预报,http://xmwb.xinmin.cn/html/2013-08/18/content_2_5.htm) 
Retriving content ... Done.  (长三角城市天气预报,http://xmwb.xinmin.cn/html/2013-08/18/content_2_6.htm) 
Retriving content ... Done.  (世界部分城市天气预报,http://xmwb.xinmin.cn/html/2013-08/18/content_2_7.htm) 
--------------- 第A03版：民生新闻 ( idx: 2 )---------------
Retriving content ... Done.  (老年旅客习惯到营业厅买机票,http://xmwb.xinmin.cn/html/2013-08/18/content_3_1.htm) 
Retriving content ... Done.  (“型男”展现阳刚美,http://xmwb.xinmin.cn/html/2013-08/18/content_3_2.htm) 
Retriving content ... Done.  (桃农灌排汗如雨 结出黄桃分外甜,http://xmwb.xinmin.cn/html/2013-08/18/content_3_3.htm) 
Retriving content ... Done.  (市一妇婴东院上午在浦东落成,http://xmwb.xinmin.cn/html/2013-08/18/content_3_4.htm) 
Retriving content ... Done.  (馒头能否使用添加剂？难说,http://xmwb.xinmin.cn/html/2013-08/18/content_3_5.htm) 
Retriving content ... Done.  (眼耳鼻喉科医院东院上午在浦江镇奠基,http://xmwb.xinmin.cn/html/2013-08/18/content_3_6.htm) 
--------------- 第A04版：社会新闻 ( idx: 3 )---------------
Retriving content ... Done.  (世博宣传标语逾期“站岗”,http://xmwb.xinmin.cn/html/2013-08/18/content_4_1.htm) 
Retriving content ... Done.  (“狐朋狗友”轨交站落网,http://xmwb.xinmin.cn/html/2013-08/18/content_4_2.htm) 
Retriving content ... Done.  (夫妻争夺不休包落水 丈夫跳河捞包溺水亡,http://xmwb.xinmin.cn/html/2013-08/18/content_4_3.htm) 
Retriving content ... Done.  (谎称机上有危险品被刑拘,http://xmwb.xinmin.cn/html/2013-08/18/content_4_4.htm) 
Retriving content ... Done.  (大楼玻璃幕墙现“窟窿”,http://xmwb.xinmin.cn/html/2013-08/18/content_4_5.htm) 
Retriving content ... Done.  (渔船违法载客搁浅,http://xmwb.xinmin.cn/html/2013-08/18/content_4_6.htm) 
Retriving content ... Done.  (14辆车一夜划成“花脸”,http://xmwb.xinmin.cn/html/2013-08/18/content_4_7.htm) 
Retriving content ... Done.  (围墙开裂墙砖脱落,http://xmwb.xinmin.cn/html/2013-08/18/content_4_8.htm) 
Retriving content ... Done.  (报料方式,http://xmwb.xinmin.cn/html/2013-08/18/content_4_9.htm) 
Retriving content ... Done.  (中国福利彩票,http://xmwb.xinmin.cn/html/2013-08/18/content_4_10.htm) 
--------------- 第A05版：中国新闻 ( idx: 4 )---------------
Retriving content ... Done.  (京广铁路南段间歇性中断,http://xmwb.xinmin.cn/html/2013-08/18/content_5_1.htm) 
Retriving content ... Done.  (吉林暴雨致十万人转移,http://xmwb.xinmin.cn/html/2013-08/18/content_5_2.htm) 
Retriving content ... Done.  (北京铁路局停运开往广州两车次,http://xmwb.xinmin.cn/html/2013-08/18/content_5_3.htm) 
Retriving content ... Done.  (广东维持暴雨一级应急响应,http://xmwb.xinmin.cn/html/2013-08/18/content_5_4.htm) 
Retriving content ... Done.  (人济山庄大拆 业主称已病倒,http://xmwb.xinmin.cn/html/2013-08/18/content_5_5.htm) 
Retriving content ... Done.  (酒后重摔女婴河南警察被控制,http://xmwb.xinmin.cn/html/2013-08/18/content_5_6.htm) 
Retriving content ... Done.  (苏州“空中花园”业主承诺自拆,http://xmwb.xinmin.cn/html/2013-08/18/content_5_7.htm) 
Retriving content ... Done.  (花380亿元并非“再造阿房宫”,http://xmwb.xinmin.cn/html/2013-08/18/content_5_8.htm) 
--------------- 第A06版：目击 ( idx: 5 )---------------
Retriving content ... Done.  (健身教练 助身心疲惫者减压,http://xmwb.xinmin.cn/html/2013-08/18/content_6_1.htm) 
--------------- 第A07版：国际新闻 ( idx: 6 )---------------
Retriving content ... Done.  (埃及总理提议解散穆兄会,http://xmwb.xinmin.cn/html/2013-08/18/content_7_1.htm) 
Retriving content ... Done.  (日饮咖啡超4杯或增加死亡风险,http://xmwb.xinmin.cn/html/2013-08/18/content_7_2.htm) 
Retriving content ... Done.  (长期高热量饮食可能让人“上瘾”,http://xmwb.xinmin.cn/html/2013-08/18/content_7_3.htm) 
Retriving content ... Done.  (中国常驻世贸组织代表将任世贸组织副总干事,http://xmwb.xinmin.cn/html/2013-08/18/content_7_4.htm) 
Retriving content ... Done.  (美国官方首次承认神秘“51区”,http://xmwb.xinmin.cn/html/2013-08/18/content_7_5.htm) 
Retriving content ... Done.  (常喝碳酸饮料 儿童更易好斗,http://xmwb.xinmin.cn/html/2013-08/18/content_7_6.htm) 
Retriving content ... Done.  (菲律宾撞船遇难者升至31人,http://xmwb.xinmin.cn/html/2013-08/18/content_7_7.htm) 
Retriving content ... Done.  (广告,http://xmwb.xinmin.cn/html/2013-08/18/content_7_8.htm) 
--------------- 第A08版：上海周2013上海书展特别报道 ( idx: 7 )---------------
Retriving content ... Done.  (儿童文学不该有底线下的作品,http://xmwb.xinmin.cn/html/2013-08/18/content_8_1.htm) 
Retriving content ... Done.  (为少女“摆渡”青春 为动物“注入”爱意,http://xmwb.xinmin.cn/html/2013-08/18/content_8_2.htm) 
Retriving content ... Done.  (纸上落英 平添雅趣,http://xmwb.xinmin.cn/html/2013-08/18/content_8_3.htm) 
Retriving content ... Done.  (网络作家的期盼,http://xmwb.xinmin.cn/html/2013-08/18/content_8_4.htm) 
Retriving content ... Done.  (市民文化节牵手书展,http://xmwb.xinmin.cn/html/2013-08/18/content_8_5.htm) 
Retriving content ... Done.  (明日书展,http://xmwb.xinmin.cn/html/2013-08/18/content_8_6.htm) 
--------------- 第A09版：文娱新闻 ( idx: 8 )---------------
Retriving content ... Done.  (今晚开播纪录片《大师·顾准》,http://xmwb.xinmin.cn/html/2013-08/18/content_9_1.htm) 
Retriving content ... Done.  (窥探当代人精神面貌,http://xmwb.xinmin.cn/html/2013-08/18/content_9_2.htm) 
Retriving content ... Done.  (亚洲巅峰音乐节首度来沪连唱7小时,http://xmwb.xinmin.cn/html/2013-08/18/content_9_3.htm) 
Retriving content ... Done.  (讲《梁祝》创作故事,http://xmwb.xinmin.cn/html/2013-08/18/content_9_4.htm) 
Retriving content ... Done.  (今晚电视,http://xmwb.xinmin.cn/html/2013-08/18/content_9_5.htm) 
Retriving content ... Done.  (广告,http://xmwb.xinmin.cn/html/2013-08/18/content_9_6.htm) 
--------------- 第A10版：文娱新闻 ( idx: 9 )---------------
Retriving content ... Done.  (少儿美术大赛　定格未来梦想,http://xmwb.xinmin.cn/html/2013-08/18/content_10_1.htm) 
Retriving content ... Done.  (童趣跃然纸上 老爸呼之欲出,http://xmwb.xinmin.cn/html/2013-08/18/content_10_2.htm) 
Retriving content ... Done.  (用儿童画启发孩子想象力,http://xmwb.xinmin.cn/html/2013-08/18/content_10_3.htm) 
--------------- 第A11版：市民文化节 ( idx: 10 )---------------
Retriving content ... Done.  (广告,http://xmwb.xinmin.cn/html/2013-08/18/content_11_1.htm) 
--------------- 第A12版：体育新闻 ( idx: 11 )---------------
Retriving content ... Done.  (武磊神了！,http://xmwb.xinmin.cn/html/2013-08/18/content_12_1.htm) 
Retriving content ... Done.  (大胆博一记逃离降级区,http://xmwb.xinmin.cn/html/2013-08/18/content_12_2.htm) 
Retriving content ... Done.  (先上足球课 后踢足球赛,http://xmwb.xinmin.cn/html/2013-08/18/content_12_3.htm) 
Retriving content ... Done.  (将体育设施建在地底下,http://xmwb.xinmin.cn/html/2013-08/18/content_12_4.htm) 
Retriving content ... Done.  (欧洲诸强联赛战报,http://xmwb.xinmin.cn/html/2013-08/18/content_12_5.htm) 
Retriving content ... Done.  (收视指南,http://xmwb.xinmin.cn/html/2013-08/18/content_12_6.htm) 
--------------- 第A13版：体育新闻 ( idx: 12 )---------------
Retriving content ... Done.  (黄金年龄缘何“激流勇退”,http://xmwb.xinmin.cn/html/2013-08/18/content_13_1.htm) 
Retriving content ... Done.  (二百米冲刺减速 博尔特照样夺冠,http://xmwb.xinmin.cn/html/2013-08/18/content_13_2.htm) 
Retriving content ... Done.  (欢乐三打一朱春华摘“二星”,http://xmwb.xinmin.cn/html/2013-08/18/content_13_3.htm) 
Retriving content ... Done.  (玩得开心 跳得过瘾,http://xmwb.xinmin.cn/html/2013-08/18/content_13_4.htm) 
Retriving content ... Done.  (体彩公告,http://xmwb.xinmin.cn/html/2013-08/18/content_13_5.htm) 
Retriving content ... Done.  (图片新闻,http://xmwb.xinmin.cn/html/2013-08/18/content_13_6.htm) 
--------------- 第A14版：新视界 ( idx: 13 )---------------
Retriving content ... Done.  (超级计算机十大主要应用,http://xmwb.xinmin.cn/html/2013-08/18/content_14_1.htm) 
Retriving content ... Done.  (超级计算的“上海面孔”,http://xmwb.xinmin.cn/html/2013-08/18/content_14_2.htm) 
--------------- 第A15版：新视界 ( idx: 14 )---------------
Retriving content ... Done.  (超级计算的“上海面孔”,http://xmwb.xinmin.cn/html/2013-08/18/content_15_1.htm) 
Retriving content ... Done.  (超算“四怕”,http://xmwb.xinmin.cn/html/2013-08/18/content_15_2.htm) 
--------------- 第A16版：专访/新视界 ( idx: 15 )---------------
Retriving content ... Done.  (坚信青年力量，让世界更美好,http://xmwb.xinmin.cn/html/2013-08/18/content_16_1.htm) 
--------------- 第B01版：星期天夜光杯 ( idx: 16 )---------------
Retriving content ... Done.  (本期导读,http://xmwb.xinmin.cn/html/2013-08/18/content_17_1.htm) 
Retriving content ... Done.  (孟京辉：戏剧就是Play,http://xmwb.xinmin.cn/html/2013-08/18/content_17_2.htm) 
--------------- 第B02版：夜光杯/星期天夜光杯 ( idx: 17 )---------------
Retriving content ... Done.  (君匋先生轶事,http://xmwb.xinmin.cn/html/2013-08/18/content_18_1.htm) 
Retriving content ... Done.  (连环画，还活着,http://xmwb.xinmin.cn/html/2013-08/18/content_18_2.htm) 
Retriving content ... Done.  (完美黄昏,http://xmwb.xinmin.cn/html/2013-08/18/content_18_3.htm) 
Retriving content ... Done.  (小记孩童之淘气生活,http://xmwb.xinmin.cn/html/2013-08/18/content_18_4.htm) 
Retriving content ... Done.  (书法,http://xmwb.xinmin.cn/html/2013-08/18/content_18_5.htm) 
Retriving content ... Done.  (禀性难移,http://xmwb.xinmin.cn/html/2013-08/18/content_18_6.htm) 
Retriving content ... Done.  (为了这一天,http://xmwb.xinmin.cn/html/2013-08/18/content_18_7.htm) 
--------------- 第B03版：星期天夜光杯/夜光杯 ( idx: 18 )---------------
Retriving content ... Done.  (抽烟一事,http://xmwb.xinmin.cn/html/2013-08/18/content_19_1.htm) 
Retriving content ... Done.  (智慧快餐,http://xmwb.xinmin.cn/html/2013-08/18/content_19_2.htm) 
Retriving content ... Done.  (寻访土山湾孤儿,http://xmwb.xinmin.cn/html/2013-08/18/content_19_3.htm) 
Retriving content ... Done.  (粮糖兼收甜芦粟,http://xmwb.xinmin.cn/html/2013-08/18/content_19_4.htm) 
Retriving content ... Done.  (你知道自己几岁吗,http://xmwb.xinmin.cn/html/2013-08/18/content_19_5.htm) 
Retriving content ... Done.  (今宵灯谜,http://xmwb.xinmin.cn/html/2013-08/18/content_19_6.htm) 
Retriving content ... Done.  (苍凉的埙,http://xmwb.xinmin.cn/html/2013-08/18/content_19_7.htm) 
Retriving content ... Done.  (黄永生“指路”,http://xmwb.xinmin.cn/html/2013-08/18/content_19_8.htm) 
--------------- 第B04版：阅读·连载/星期天夜光杯 ( idx: 19 )---------------
Retriving content ... Done.  (古钱大王张叔驯传奇(下),http://xmwb.xinmin.cn/html/2013-08/18/content_20_1.htm) 
Retriving content ... Done.  (与邬达克同时代,http://xmwb.xinmin.cn/html/2013-08/18/content_20_2.htm) 
Retriving content ... Done.  (养女,http://xmwb.xinmin.cn/html/2013-08/18/content_20_3.htm) 
--------------- 第B05版：星期天夜光杯/都市专栏 ( idx: 20 )---------------
Retriving content ... Done.  (“中国式”,http://xmwb.xinmin.cn/html/2013-08/18/content_21_1.htm) 
Retriving content ... Done.  (世界上最好看的脸,http://xmwb.xinmin.cn/html/2013-08/18/content_21_2.htm) 
Retriving content ... Done.  (新加坡美食小记,http://xmwb.xinmin.cn/html/2013-08/18/content_21_3.htm) 
Retriving content ... Done.  (印度德里莲花庙,http://xmwb.xinmin.cn/html/2013-08/18/content_21_4.htm) 
Retriving content ... Done.  (一起旅行,http://xmwb.xinmin.cn/html/2013-08/18/content_21_5.htm) 
Retriving content ... Done.  (药,http://xmwb.xinmin.cn/html/2013-08/18/content_21_6.htm) 
Retriving content ... Done.  (无题（315),http://xmwb.xinmin.cn/html/2013-08/18/content_21_7.htm) 
--------------- 第B06版：读书/星期天夜光杯 ( idx: 21 )---------------
Retriving content ... Done.  (今夏，用阅读对抗酷暑,http://xmwb.xinmin.cn/html/2013-08/18/content_22_1.htm) 
Retriving content ... Done.  (《中国青铜器辞典》首次亮相上海书展,http://xmwb.xinmin.cn/html/2013-08/18/content_22_2.htm) 
Retriving content ... Done.  (邓安庆与《柔软的距离》,http://xmwb.xinmin.cn/html/2013-08/18/content_22_3.htm) 
Retriving content ... Done.  (劳动最光荣,http://xmwb.xinmin.cn/html/2013-08/18/content_22_4.htm) 
Retriving content ... Done.  (苏童评《蔑视》,http://xmwb.xinmin.cn/html/2013-08/18/content_22_5.htm) 
Retriving content ... Done.  (我写《壶中书影》,http://xmwb.xinmin.cn/html/2013-08/18/content_22_6.htm) 
--------------- 第B07版：星期天夜光杯/记忆 ( idx: 22 )---------------
Retriving content ... Done.  (一九八一年起经历的上海书展,http://xmwb.xinmin.cn/html/2013-08/18/content_23_1.htm) 
--------------- 第B08版：新智/星期天夜光杯 ( idx: 23 )---------------
Retriving content ... Done.  (会干多种家务的全能机器人,http://xmwb.xinmin.cn/html/2013-08/18/content_24_1.htm) 
Retriving content ... Done.  (模仿植物根生长的机器人,http://xmwb.xinmin.cn/html/2013-08/18/content_24_2.htm) 
Retriving content ... Done.  (酷暑防晒有讲究,http://xmwb.xinmin.cn/html/2013-08/18/content_24_3.htm) 
--------------- 第B09版：星期天夜光杯/影视地带 ( idx: 24 )---------------
Retriving content ... Done.  (法眼看电影,http://xmwb.xinmin.cn/html/2013-08/18/content_25_1.htm) 
Retriving content ... Done.  (精彩台词顶一句,http://xmwb.xinmin.cn/html/2013-08/18/content_25_2.htm) 
Retriving content ... Done.  (一周看点,http://xmwb.xinmin.cn/html/2013-08/18/content_25_3.htm) 
--------------- 第B10版：谈话/星期天夜光杯 ( idx: 25 )---------------
Retriving content ... Done.  (最好的课堂在家里还是在学校？,http://xmwb.xinmin.cn/html/2013-08/18/content_26_1.htm) 
Retriving content ... Done.  (“在家教育”需要“天时、地利、人和”,http://xmwb.xinmin.cn/html/2013-08/18/content_26_2.htm) 
--------------- 第B11版：星期天夜光杯/译文 ( idx: 26 )---------------
Retriving content ... Done.  (爱的归来,http://xmwb.xinmin.cn/html/2013-08/18/content_27_1.htm) 
Retriving content ... Done.  (夕阳的玫瑰,http://xmwb.xinmin.cn/html/2013-08/18/content_27_2.htm) 
Retriving content ... Done.  (公寓里的别墅,http://xmwb.xinmin.cn/html/2013-08/18/content_27_3.htm) 
Retriving content ... Done.  (伟大的秘密,http://xmwb.xinmin.cn/html/2013-08/18/content_27_4.htm) 
Retriving content ... Done.  (工程师和程序员,http://xmwb.xinmin.cn/html/2013-08/18/content_27_5.htm) 
Retriving content ... Done.  (一只呼唤自由的鹦鹉,http://xmwb.xinmin.cn/html/2013-08/18/content_27_6.htm) 
Retriving content ... Done.  (怕的不是狮子,http://xmwb.xinmin.cn/html/2013-08/18/content_27_7.htm) 
--------------- 第B12版：百姓纪事/星期天夜光杯 ( idx: 27 )---------------
Retriving content ... Done.  (我的网络跳蚤市场,http://xmwb.xinmin.cn/html/2013-08/18/content_28_1.htm) 
Retriving content ... Done.  (乐当“拍客”,http://xmwb.xinmin.cn/html/2013-08/18/content_28_2.htm) 
--------------- 第B13版：星期天夜光杯/上海闲话 ( idx: 28 )---------------
Retriving content ... Done.  (粢饭豆浆,http://xmwb.xinmin.cn/html/2013-08/18/content_29_1.htm) 
Retriving content ... Done.  (从“听壁脚”到“戳壁脚”,http://xmwb.xinmin.cn/html/2013-08/18/content_29_2.htm) 
Retriving content ... Done.  (“扎劲”个声音,http://xmwb.xinmin.cn/html/2013-08/18/content_29_3.htm) 
Retriving content ... Done.  (甜芦粟,http://xmwb.xinmin.cn/html/2013-08/18/content_29_4.htm) 
Retriving content ... Done.  (煎 药,http://xmwb.xinmin.cn/html/2013-08/18/content_29_5.htm) 
Retriving content ... Done.  (弄堂里个木拖板鞋,http://xmwb.xinmin.cn/html/2013-08/18/content_29_6.htm) 
--------------- 第B14版：市井故事/星期天夜光杯 ( idx: 29 )---------------
Retriving content ... Done.  (“名医传人”,http://xmwb.xinmin.cn/html/2013-08/18/content_30_1.htm) 
Retriving content ... Done.  (戏 迷,http://xmwb.xinmin.cn/html/2013-08/18/content_30_2.htm) 
Retriving content ... Done.  (宝宝会捣蛋,http://xmwb.xinmin.cn/html/2013-08/18/content_30_3.htm) 
Retriving content ... Done.  (玄 机,http://xmwb.xinmin.cn/html/2013-08/18/content_30_4.htm) 
Retriving content ... Done.  (帽哥,http://xmwb.xinmin.cn/html/2013-08/18/content_30_5.htm) 
Retriving content ... Done.  (清官能断家务事,http://xmwb.xinmin.cn/html/2013-08/18/content_30_6.htm) 
Retriving content ... Done.  (都市幽默,http://xmwb.xinmin.cn/html/2013-08/18/content_30_7.htm) 
--------------- 第B15版：星期天夜光杯/快乐作文 ( idx: 30 )---------------
Retriving content ... Done.  (走过高三,http://xmwb.xinmin.cn/html/2013-08/18/content_31_1.htm) 
Retriving content ... Done.  (夜半猫声忆旧时,http://xmwb.xinmin.cn/html/2013-08/18/content_31_2.htm) 
Retriving content ... Done.  (清晨,http://xmwb.xinmin.cn/html/2013-08/18/content_31_3.htm) 
Retriving content ... Done.  (我愿变颗小豌豆,http://xmwb.xinmin.cn/html/2013-08/18/content_31_4.htm) 
Retriving content ... Done.  (丝瓜（国画）,http://xmwb.xinmin.cn/html/2013-08/18/content_31_5.htm) 
Retriving content ... Done.  (校园中的美丽,http://xmwb.xinmin.cn/html/2013-08/18/content_31_6.htm) 
Retriving content ... Done.  (告别母校,http://xmwb.xinmin.cn/html/2013-08/18/content_31_7.htm) 
--------------- 第B16版：招生培训/人才专版 ( idx: 31 )---------------
Retriving content ... Done.  (广告,http://xmwb.xinmin.cn/html/2013-08/18/content_32_1.htm) 
All Done!
